{
  "RSpec": {
    "coverage": {
      "/Users/maxyespindola/Desktop/Wolox-TP/me-rails/spec/controller/api/book_controller_spec.rb": {
        "lines": [
          1,
          null,
          1,
          1,
          null,
          1,
          9,
          null,
          9,
          null,
          1,
          1,
          1,
          null,
          1,
          null,
          1,
          1,
          null,
          1,
          null,
          null,
          null,
          1,
          1,
          null,
          1,
          null,
          1,
          1,
          1,
          null,
          null,
          null,
          null,
          null,
          1,
          7,
          null,
          7,
          null,
          1,
          1,
          4,
          null,
          1,
          1,
          null,
          null,
          1,
          1,
          null,
          null,
          null,
          1,
          4,
          null,
          1,
          1,
          null,
          null,
          1,
          1,
          1,
          null,
          null,
          null,
          null,
          null
        ]
      },
      "/Users/maxyespindola/Desktop/Wolox-TP/me-rails/spec/rails_helper.rb": {
        "lines": [
          null,
          1,
          1,
          1,
          null,
          1,
          1,
          1,
          null,
          null,
          1,
          null,
          null,
          null,
          null,
          null,
          null,
          null,
          null,
          null,
          null,
          null,
          null,
          null,
          null,
          null,
          null,
          10,
          null,
          null,
          null,
          null,
          1,
          null,
          0,
          0,
          null,
          1,
          null,
          1,
          null,
          null,
          null,
          null,
          1,
          null,
          null,
          null,
          null,
          null,
          null,
          null,
          null,
          null,
          null,
          null,
          null,
          null,
          null,
          null,
          null,
          null,
          1,
          null,
          null,
          1,
          null,
          null,
          null,
          null,
          1,
          null,
          null,
          1,
          1,
          1,
          1,
          1,
          1,
          1,
          1,
          1,
          1,
          null
        ]
      },
      "/Users/maxyespindola/Desktop/Wolox-TP/me-rails/config/environment.rb": {
        "lines": [
          null,
          1,
          null,
          null,
          1
        ]
      },
      "/Users/maxyespindola/Desktop/Wolox-TP/me-rails/config/application.rb": {
        "lines": [
          1,
          null,
          1,
          null,
          null,
          null,
          1,
          null,
          1,
          null,
          1,
          1,
          null,
          1,
          null,
          null,
          null,
          null,
          null,
          null,
          null,
          null,
          null,
          1,
          null,
          1,
          1,
          1,
          1,
          null,
          null,
          null,
          null,
          null,
          null,
          1,
          null,
          1,
          1,
          null,
          null,
          null
        ]
      },
      "/Users/maxyespindola/Desktop/Wolox-TP/me-rails/config/boot.rb": {
        "lines": [
          1,
          null,
          1,
          1
        ]
      },
      "/Users/maxyespindola/Desktop/Wolox-TP/me-rails/config/spring.rb": {
        "lines": [
          1,
          null,
          null,
          null,
          null,
          null
        ]
      },
      "/Users/maxyespindola/Desktop/Wolox-TP/me-rails/config/environments/test.rb": {
        "lines": [
          1,
          null,
          null,
          null,
          null,
          null,
          null,
          1,
          null,
          null,
          1,
          1,
          null,
          null,
          null,
          null,
          1,
          null,
          null,
          1,
          1,
          null,
          null,
          null,
          null,
          1,
          1,
          1,
          null,
          null,
          1,
          null,
          null,
          1,
          null,
          null,
          1,
          null,
          1,
          null,
          null,
          null,
          null,
          1,
          null,
          null,
          1,
          null,
          null,
          1,
          null,
          null,
          1,
          null,
          null,
          null,
          null,
          null,
          null,
          null
        ]
      },
      "/Users/maxyespindola/Desktop/Wolox-TP/me-rails/config/initializers/application_controller_renderer.rb": {
        "lines": [
          null,
          null,
          null,
          null,
          null,
          null,
          null,
          null
        ]
      },
      "/Users/maxyespindola/Desktop/Wolox-TP/me-rails/config/initializers/assets.rb": {
        "lines": [
          null,
          null,
          null,
          1,
          null,
          null,
          null,
          null,
          1,
          null,
          null,
          null,
          null,
          null
        ]
      },
      "/Users/maxyespindola/Desktop/Wolox-TP/me-rails/config/initializers/backtrace_silencers.rb": {
        "lines": [
          null,
          null,
          null,
          null,
          null,
          null,
          null,
          1
        ]
      },
      "/Users/maxyespindola/Desktop/Wolox-TP/me-rails/config/initializers/content_security_policy.rb": {
        "lines": [
          null,
          null,
          null,
          null,
          null,
          null,
          null,
          null,
          null,
          null,
          null,
          null,
          null,
          null,
          null,
          null,
          null,
          null,
          null,
          null,
          null,
          null,
          null,
          null,
          null,
          null,
          null,
          null,
          null,
          null
        ]
      },
      "/Users/maxyespindola/Desktop/Wolox-TP/me-rails/config/initializers/cookies_serializer.rb": {
        "lines": [
          null,
          null,
          null,
          null,
          1
        ]
      },
      "/Users/maxyespindola/Desktop/Wolox-TP/me-rails/config/initializers/devise_token_auth.rb": {
        "lines": [
          null,
          null,
          1,
          null,
          null,
          null,
          null,
          1,
          null,
          null,
          null,
          null,
          null,
          null,
          null,
          null,
          1,
          null,
          null,
          null,
          null,
          null,
          null,
          null,
          null,
          null,
          null,
          null,
          null,
          null,
          null,
          null,
          null,
          null,
          null,
          null,
          null,
          null,
          null,
          null,
          null,
          null,
          null,
          null,
          null,
          null,
          null,
          null,
          null,
          null,
          null,
          null,
          null,
          null,
          null,
          null,
          null,
          null,
          1,
          null
        ]
      },
      "/Users/maxyespindola/Desktop/Wolox-TP/me-rails/config/initializers/filter_parameter_logging.rb": {
        "lines": [
          null,
          null,
          null,
          1,
          null,
          null
        ]
      },
      "/Users/maxyespindola/Desktop/Wolox-TP/me-rails/config/initializers/friendly_id.rb": {
        "lines": [
          null,
          null,
          null,
          null,
          null,
          null,
          null,
          null,
          null,
          null,
          null,
          1,
          null,
          null,
          null,
          null,
          1,
          null,
          1,
          null,
          null,
          null,
          null,
          null,
          null,
          null,
          null,
          null,
          null,
          null,
          null,
          null,
          null,
          null,
          null,
          null,
          null,
          null,
          null,
          null,
          null,
          null,
          null,
          null,
          null,
          null,
          null,
          null,
          null,
          null,
          null,
          null,
          null,
          null,
          null,
          null,
          null,
          null,
          null,
          null,
          null,
          null,
          null,
          null,
          null,
          null,
          null,
          null,
          null,
          null,
          null,
          null,
          null,
          null,
          null,
          null,
          null,
          null,
          null,
          null,
          null,
          null,
          null,
          null,
          null,
          null,
          null,
          null,
          null,
          null,
          null,
          null,
          null,
          null,
          null,
          null,
          null,
          null,
          null,
          null,
          null,
          null,
          null,
          null,
          null,
          null,
          null
        ]
      },
      "/Users/maxyespindola/Desktop/Wolox-TP/me-rails/config/initializers/inflections.rb": {
        "lines": [
          null,
          null,
          null,
          null,
          null,
          null,
          null,
          null,
          null,
          null,
          null,
          null,
          null,
          null,
          null,
          null
        ]
      },
      "/Users/maxyespindola/Desktop/Wolox-TP/me-rails/config/initializers/mime_types.rb": {
        "lines": [
          null,
          null,
          null,
          null
        ]
      },
      "/Users/maxyespindola/Desktop/Wolox-TP/me-rails/config/initializers/permissions_policy.rb": {
        "lines": [
          null,
          null,
          null,
          null,
          null,
          null,
          null,
          null,
          null,
          null,
          null
        ]
      },
      "/Users/maxyespindola/Desktop/Wolox-TP/me-rails/config/initializers/wor_paginate.rb": {
        "lines": [
          1,
          1,
          null,
          null,
          1,
          1,
          null,
          null,
          null,
          null,
          null,
          1,
          null,
          null,
          null,
          null,
          null,
          null,
          null,
          null,
          null,
          null,
          null,
          null,
          null,
          null,
          null,
          null,
          null,
          null,
          null,
          null,
          null,
          null,
          null,
          null,
          null,
          null,
          null,
          null
        ]
      },
      "/Users/maxyespindola/Desktop/Wolox-TP/me-rails/config/initializers/wrap_parameters.rb": {
        "lines": [
          null,
          null,
          null,
          null,
          null,
          null,
          1,
          2,
          null,
          null,
          null,
          null,
          null,
          null
        ]
      },
      "/Users/maxyespindola/Desktop/Wolox-TP/me-rails/spec/factories/book.rb": {
        "lines": [
          1,
          null,
          1,
          1,
          71,
          71,
          71,
          71,
          71,
          71,
          null,
          null
        ]
      },
      "/Users/maxyespindola/Desktop/Wolox-TP/me-rails/spec/factories/book_suggestion.rb": {
        "lines": [
          1,
          null,
          1,
          1,
          21,
          21,
          21,
          21,
          21,
          21,
          21,
          null,
          null
        ]
      },
      "/Users/maxyespindola/Desktop/Wolox-TP/me-rails/spec/factories/user.rb": {
        "lines": [
          1,
          null,
          1,
          1,
          18,
          18,
          18,
          18,
          null,
          null
        ]
      },
      "/Users/maxyespindola/Desktop/Wolox-TP/me-rails/config/routes.rb": {
        "lines": [
          1,
          1,
          null,
          1,
          1,
          1,
          1,
          1,
          1,
          null,
          1,
          null,
          null,
          1,
          1,
          1,
          1,
          1,
          null,
          1,
          1,
          null,
          null,
          1,
          1,
          1,
          null,
          null,
          null,
          null,
          null,
          1,
          null,
          1,
          null,
          1,
          1,
          null,
          1,
          null
        ]
      },
      "/Users/maxyespindola/Desktop/Wolox-TP/me-rails/app/models/user.rb": {
        "lines": [
          1,
          1,
          null,
          null,
          1,
          null,
          1,
          null,
          1,
          null,
          null,
          1,
          null,
          1,
          null,
          1,
          42,
          null,
          null,
          null
        ]
      },
      "/Users/maxyespindola/Desktop/Wolox-TP/me-rails/app/models/application_record.rb": {
        "lines": [
          null,
          null,
          1,
          1,
          null,
          null
        ]
      },
      "/Users/maxyespindola/Desktop/Wolox-TP/me-rails/spec/support/database_cleaner.rb": {
        "lines": [
          1,
          1,
          1,
          null,
          null,
          1,
          87,
          null,
          null,
          1,
          87,
          null,
          null,
          1,
          87,
          null,
          null
        ]
      },
      "/Users/maxyespindola/Desktop/Wolox-TP/me-rails/spec/support/factory_bot.rb": {
        "lines": [
          1,
          1,
          null
        ]
      },
      "/Users/maxyespindola/Desktop/Wolox-TP/me-rails/spec/support/mocks_and_stubs/open_library_mock.rb": {
        "lines": [
          1,
          null,
          1,
          3,
          null,
          null,
          null,
          null,
          null,
          null,
          null,
          null,
          null,
          null,
          null,
          1,
          3,
          null,
          null,
          null,
          null,
          null,
          null,
          null,
          null,
          null,
          null
        ]
      },
      "/Users/maxyespindola/Desktop/Wolox-TP/me-rails/spec/support/shared_context/authenticated_user.rb": {
        "lines": [
          1,
          19,
          null,
          2,
          17,
          null,
          null
        ]
      },
      "/Users/maxyespindola/Desktop/Wolox-TP/me-rails/spec/support/shared_context/book_filters.rb": {
        "lines": [
          1,
          5,
          5,
          5,
          null,
          null,
          1,
          5,
          5,
          5,
          5,
          null
        ]
      },
      "/Users/maxyespindola/Desktop/Wolox-TP/me-rails/spec/support/shared_context/book_suggestion_params.rb": {
        "lines": [
          1,
          null,
          1,
          null,
          12,
          null,
          null,
          null,
          null,
          null,
          null,
          null,
          1,
          4,
          null,
          null,
          1,
          4,
          null,
          null,
          1,
          4,
          null,
          null,
          1,
          4,
          null
        ]
      },
      "/Users/maxyespindola/Desktop/Wolox-TP/me-rails/spec/support/shared_examples/book_response_paginated.rb": {
        "lines": [
          1,
          2,
          2,
          null,
          null,
          2,
          2,
          null,
          null
        ]
      },
      "/Users/maxyespindola/Desktop/Wolox-TP/me-rails/spec/support/shared_examples/book_suggestion_response_created.rb": {
        "lines": [
          1,
          4,
          4,
          null,
          null,
          4,
          4,
          null,
          null
        ]
      },
      "/Users/maxyespindola/Desktop/Wolox-TP/me-rails/spec/support/shoulda_matchers.rb": {
        "lines": [
          1,
          1,
          1,
          1,
          null,
          null
        ]
      },
      "/Users/maxyespindola/Desktop/Wolox-TP/me-rails/app/controllers/api/v1/book_controller.rb": {
        "lines": [
          1,
          1,
          1,
          1,
          null,
          1,
          8,
          null,
          null,
          1,
          6,
          3,
          null,
          null,
          null,
          null,
          null
        ]
      },
      "/Users/maxyespindola/Desktop/Wolox-TP/me-rails/app/controllers/application_controller.rb": {
        "lines": [
          1,
          1,
          1,
          1,
          1,
          1,
          null,
          1,
          null,
          null
        ]
      },
      "/Users/maxyespindola/Desktop/Wolox-TP/me-rails/app/errors/errors_handler.rb": {
        "lines": [
          1,
          1,
          1,
          1,
          1,
          1,
          1,
          null,
          null,
          null,
          1,
          null,
          1,
          3,
          null,
          null,
          1,
          3,
          null,
          null,
          1,
          3,
          null,
          null,
          null,
          1,
          0,
          null,
          null
        ]
      },
      "/Users/maxyespindola/Desktop/Wolox-TP/me-rails/app/controllers/locales_i18n.rb": {
        "lines": [
          1,
          1,
          1,
          1,
          null,
          null,
          null,
          1,
          null,
          1,
          41,
          null,
          null,
          1,
          41,
          41,
          null,
          null,
          1,
          null,
          0,
          null,
          null
        ]
      },
      "/Users/maxyespindola/Desktop/Wolox-TP/me-rails/spec/controller/api/book_suggestion_controller_spec.rb": {
        "lines": [
          1,
          null,
          1,
          1,
          22,
          null,
          1,
          1,
          1,
          1,
          null,
          null,
          1,
          1,
          1,
          1,
          null,
          null,
          1,
          1,
          1,
          null,
          null,
          1,
          1,
          1,
          null,
          null,
          null,
          1,
          1,
          4,
          1,
          1,
          1,
          null,
          null,
          1,
          1,
          null,
          null,
          1,
          1,
          null,
          null,
          null,
          1,
          4,
          null,
          1,
          1,
          null,
          null,
          1,
          1,
          1,
          null,
          null,
          null,
          1,
          4,
          null,
          1,
          1,
          null,
          null,
          1,
          1,
          1,
          null,
          null,
          null,
          null,
          null
        ]
      },
      "/Users/maxyespindola/Desktop/Wolox-TP/me-rails/app/controllers/api/v1/book_suggestion_controller.rb": {
        "lines": [
          1,
          1,
          1,
          1,
          21,
          null,
          18,
          12,
          null,
          null,
          1,
          null,
          1,
          18,
          null,
          null,
          1,
          3,
          null,
          null,
          null,
          null,
          null
        ]
      },
      "/Users/maxyespindola/Desktop/Wolox-TP/me-rails/spec/controller/api/open_library_controller_spec.rb": {
        "lines": [
          1,
          1,
          null,
          1,
          1,
          7,
          null,
          1,
          6,
          6,
          null,
          null,
          1,
          6,
          6,
          6,
          null,
          null,
          1,
          1,
          4,
          null,
          1,
          1,
          null,
          null,
          1,
          1,
          null,
          1,
          null,
          1,
          5,
          null,
          null,
          null,
          null,
          1,
          4,
          null,
          1,
          1,
          1,
          null,
          null,
          1,
          1,
          null,
          null,
          1,
          1,
          1,
          2,
          null,
          null,
          null,
          null,
          null,
          null
        ]
      },
      "/Users/maxyespindola/Desktop/Wolox-TP/me-rails/app/controllers/api/v1/open_library_controller.rb": {
        "lines": [
          1,
          1,
          1,
          1,
          6,
          6,
          null,
          null,
          null,
          null,
          null
        ]
      },
      "/Users/maxyespindola/Desktop/Wolox-TP/me-rails/spec/models/book_spec.rb": {
        "lines": [
          1,
          null,
          1,
          21,
          null,
          1,
          2,
          null,
          1,
          1,
          null,
          1,
          1,
          12,
          null,
          null,
          null,
          1,
          1,
          6,
          6,
          6,
          null,
          null,
          null,
          null,
          null,
          1,
          1,
          1,
          1,
          1,
          null,
          null,
          1,
          1,
          1,
          null,
          null,
          null,
          1,
          1,
          1,
          1,
          null,
          null,
          1,
          1,
          1,
          null,
          null,
          null,
          1,
          1,
          1,
          1,
          null,
          null,
          1,
          1,
          1,
          null,
          null,
          1,
          1,
          1,
          null,
          null,
          null,
          null,
          null
        ]
      },
      "/Users/maxyespindola/Desktop/Wolox-TP/me-rails/app/models/book.rb": {
        "lines": [
          1,
          1,
          null,
          1,
          null,
          1,
          null,
          1,
          null,
          1,
          null,
          1,
          null,
          1,
          null,
          null,
          1,
          null,
          1,
          126,
          null,
          null,
          1,
          50,
          12,
          null,
          38,
          null,
          null,
          null,
          null
        ]
      },
      "/Users/maxyespindola/Desktop/Wolox-TP/me-rails/spec/models/book_suggestion_spec.rb": {
        "lines": [
          1,
          null,
          1,
          21,
          null,
          1,
          2,
          null,
          1,
          1,
          null,
          1,
          1,
          10,
          null,
          null,
          null,
          1,
          1,
          5,
          5,
          5,
          null,
          null,
          null,
          null,
          null,
          1,
          1,
          1,
          1,
          1,
          null,
          null,
          1,
          1,
          1,
          null,
          null,
          null,
          1,
          1,
          1,
          1,
          null,
          null,
          1,
          1,
          1,
          null,
          null,
          1,
          1,
          1,
          null,
          null,
          null,
          1,
          1,
          1,
          1,
          null,
          null,
          1,
          1,
          1,
          null,
          null,
          null,
          1,
          1,
          1,
          1,
          null,
          null,
          1,
          1,
          1,
          null,
          null,
          null,
          null,
          null
        ]
      },
      "/Users/maxyespindola/Desktop/Wolox-TP/me-rails/app/models/book_suggestion.rb": {
        "lines": [
          1,
          1,
          null,
          1,
          null,
          1,
          null,
          null,
          null,
          1,
          null,
          1,
          null,
          null,
          1,
          null,
          null,
          1,
          null,
          null,
          null
        ]
      },
      "/Users/maxyespindola/Desktop/Wolox-TP/me-rails/spec/services/open_library_service_spec.rb": {
        "lines": [
          1,
          1,
          null,
          1,
          1,
          1,
          6,
          null,
          null,
          1,
          6,
          6,
          6,
          null,
          null,
          1,
          3,
          null,
          1,
          1,
          1,
          null,
          null,
          4,
          null,
          1,
          3,
          null,
          null,
          1,
          1,
          null,
          null,
          null,
          null,
          null,
          null,
          null,
          1,
          1,
          null,
          null,
          1,
          1,
          1,
          5,
          null,
          null,
          null,
          null,
          1,
          3,
          null,
          1,
          1,
          1,
          null,
          null,
          4,
          null,
          1,
          3,
          null,
          null,
          1,
          1,
          null,
          null,
          null,
          null,
          null,
          null,
          null,
          1,
          1,
          null,
          null,
          1,
          1,
          1,
          2,
          null,
          null,
          null,
          null,
          null
        ]
      },
      "/Users/maxyespindola/Desktop/Wolox-TP/me-rails/app/services/open_library_service.rb": {
        "lines": [
          1,
          1,
          null,
          1,
          null,
          1,
          10,
          null,
          null,
          1,
          10,
          null,
          10,
          5,
          null,
          null,
          null,
          5,
          null,
          null,
          1,
          null,
          1,
          null,
          10,
          null,
          null,
          null,
          10,
          null,
          null,
          1,
          5,
          null,
          5,
          null,
          null,
          null,
          null
        ]
      },
      "/Users/maxyespindola/Desktop/Wolox-TP/me-rails/app/reducers/book_reducer.rb": {
        "lines": [
          1,
          1,
          8,
          8,
          8,
          8,
          null,
          null,
          null,
          null
        ]
      },
      "/Users/maxyespindola/Desktop/Wolox-TP/me-rails/app/serializers/book_serializer.rb": {
        "lines": [
          1,
          1,
          null,
          1,
          34,
          null,
          null,
          null
        ]
      },
      "/Users/maxyespindola/Desktop/Wolox-TP/me-rails/app/models/rent.rb": {
        "lines": [
          1,
          1,
          1,
          null,
          1,
          null,
          1,
          0,
          null,
          null,
          null,
          null,
          1,
          null,
          null
        ]
      },
      "/Users/maxyespindola/Desktop/Wolox-TP/me-rails/app/errors/open_library_error.rb": {
        "lines": [
          1,
          1,
          5,
          null,
          null,
          1,
          null,
          5,
          null,
          null,
          null,
          null,
          null,
          null,
          null,
          1,
          null,
          1,
          5,
          null,
          null,
          1,
          5,
          5,
          null,
          0,
          null,
          null,
          null,
          null
        ]
      }
    },
    "timestamp": 1626977573
  }
}
